INFO  2022-04-19 13:10:38,278 [SpringApplicationShutdownHook]  org.springframework.orm.jpa.LocalContainerEntityManagerFactoryBean(destroy:651) - Closing JPA EntityManagerFactory for persistence unit 'default'
ERROR 2022-04-19 13:10:43,190 [restartedMain]  org.springframework.boot.context.logging.LoggingApplicationListener(lambda$getLogLevelConfigurer$2:396) - Cannot set level 'INFO' for 'null'
INFO  2022-04-19 13:10:43,274 [restartedMain]  org.springframework.boot.devtools.env.DevToolsPropertyDefaultsPostProcessor(logTo:255) - Devtools property defaults active! Set 'spring.devtools.add-properties' to 'false' to disable
INFO  2022-04-19 13:10:43,274 [restartedMain]  org.springframework.boot.devtools.env.DevToolsPropertyDefaultsPostProcessor(logTo:255) - For additional web related logging consider setting the 'logging.level.web' property to 'DEBUG'
INFO  2022-04-19 13:10:43,841 [restartedMain]  org.springframework.data.repository.config.RepositoryConfigurationDelegate(multipleStoresDetected:262) - Multiple Spring Data modules found, entering strict repository configuration mode!
INFO  2022-04-19 13:10:43,841 [restartedMain]  org.springframework.data.repository.config.RepositoryConfigurationDelegate(registerRepositoriesIn:132) - Bootstrapping Spring Data JPA repositories in DEFAULT mode.
INFO  2022-04-19 13:10:43,892 [restartedMain]  org.springframework.data.repository.config.RepositoryConfigurationDelegate(registerRepositoriesIn:201) - Finished Spring Data repository scanning in 45 ms. Found 2 JPA repository interfaces.
INFO  2022-04-19 13:10:43,913 [restartedMain]  org.springframework.data.repository.config.RepositoryConfigurationDelegate(multipleStoresDetected:262) - Multiple Spring Data modules found, entering strict repository configuration mode!
INFO  2022-04-19 13:10:43,913 [restartedMain]  org.springframework.data.repository.config.RepositoryConfigurationDelegate(registerRepositoriesIn:132) - Bootstrapping Spring Data MongoDB repositories in DEFAULT mode.
INFO  2022-04-19 13:10:43,919 [restartedMain]  org.springframework.data.repository.config.RepositoryConfigurationExtensionSupport(isStrictRepositoryCandidate:349) - Spring Data MongoDB - Could not safely identify store assignment for repository candidate interface com.example.back.repository.DairyRepository. If you want this repository to be a MongoDB repository, consider annotating your entities with one of these annotations: org.springframework.data.mongodb.core.mapping.Document (preferred), or consider extending one of the following types with your repository: org.springframework.data.mongodb.repository.MongoRepository.
INFO  2022-04-19 13:10:43,919 [restartedMain]  org.springframework.data.repository.config.RepositoryConfigurationExtensionSupport(isStrictRepositoryCandidate:349) - Spring Data MongoDB - Could not safely identify store assignment for repository candidate interface com.example.back.repository.UserRepository. If you want this repository to be a MongoDB repository, consider annotating your entities with one of these annotations: org.springframework.data.mongodb.core.mapping.Document (preferred), or consider extending one of the following types with your repository: org.springframework.data.mongodb.repository.MongoRepository.
INFO  2022-04-19 13:10:43,919 [restartedMain]  org.springframework.data.repository.config.RepositoryConfigurationDelegate(registerRepositoriesIn:201) - Finished Spring Data repository scanning in 5 ms. Found 0 MongoDB repository interfaces.
INFO  2022-04-19 13:10:44,408 [restartedMain]  org.springframework.boot.web.embedded.tomcat.TomcatWebServer(initialize:108) - Tomcat initialized with port(s): 8080 (http)
INFO  2022-04-19 13:10:44,487 [restartedMain]  org.springframework.boot.web.servlet.context.ServletWebServerApplicationContext(prepareWebApplicationContext:290) - Root WebApplicationContext: initialization completed in 1212 ms
INFO  2022-04-19 13:10:45,617 [restartedMain]  org.springframework.orm.jpa.LocalContainerEntityManagerFactoryBean(buildNativeEntityManagerFactory:437) - Initialized JPA EntityManagerFactory for persistence unit 'default'
WARN  2022-04-19 13:10:45,679 [restartedMain]  org.springframework.boot.autoconfigure.orm.jpa.JpaBaseConfiguration$JpaWebConfiguration(openEntityManagerInViewInterceptor:219) - spring.jpa.open-in-view is enabled by default. Therefore, database queries may be performed during view rendering. Explicitly configure spring.jpa.open-in-view to disable this warning
WARN  2022-04-19 13:10:45,957 [restartedMain]  org.springframework.boot.autoconfigure.security.servlet.UserDetailsServiceAutoConfiguration(getOrDeducePassword:87) - 

Using generated security password: 22b617ec-2ed3-4af2-b1d4-da304f108fb4

This generated password is for development use only. Your security configuration must be updated before running your application in production.

INFO  2022-04-19 13:10:46,007 [restartedMain]  org.springframework.security.web.DefaultSecurityFilterChain(<init>:52) - Will not secure any request
WARN  2022-04-19 13:10:46,188 [restartedMain]  org.springframework.boot.autoconfigure.thymeleaf.ThymeleafAutoConfiguration$DefaultTemplateResolverConfiguration(checkTemplateLocationExists:104) - Cannot find template location: classpath:/templates/ (please add some templates or check your Thymeleaf configuration)
INFO  2022-04-19 13:10:46,451 [restartedMain]  org.springframework.boot.devtools.autoconfigure.OptionalLiveReloadServer(startServer:58) - LiveReload server is running on port 35729
INFO  2022-04-19 13:10:46,480 [restartedMain]  org.springframework.boot.web.embedded.tomcat.TomcatWebServer(start:220) - Tomcat started on port(s): 8080 (http) with context path ''
INFO  2022-04-19 13:11:21,177 [http-nio-8080-exec-2]  org.springframework.web.servlet.DispatcherServlet(initServletBean:525) - Initializing Servlet 'dispatcherServlet'
INFO  2022-04-19 13:11:21,179 [http-nio-8080-exec-2]  org.springframework.web.servlet.DispatcherServlet(initServletBean:547) - Completed initialization in 2 ms
INFO  2022-04-19 13:11:45,934 [SpringApplicationShutdownHook]  org.springframework.orm.jpa.LocalContainerEntityManagerFactoryBean(destroy:651) - Closing JPA EntityManagerFactory for persistence unit 'default'
ERROR 2022-04-19 13:11:48,658 [restartedMain]  org.springframework.boot.context.logging.LoggingApplicationListener(lambda$getLogLevelConfigurer$2:396) - Cannot set level 'INFO' for 'null'
INFO  2022-04-19 13:11:48,750 [restartedMain]  org.springframework.boot.devtools.env.DevToolsPropertyDefaultsPostProcessor(logTo:255) - Devtools property defaults active! Set 'spring.devtools.add-properties' to 'false' to disable
INFO  2022-04-19 13:11:48,750 [restartedMain]  org.springframework.boot.devtools.env.DevToolsPropertyDefaultsPostProcessor(logTo:255) - For additional web related logging consider setting the 'logging.level.web' property to 'DEBUG'
INFO  2022-04-19 13:11:49,277 [restartedMain]  org.springframework.data.repository.config.RepositoryConfigurationDelegate(multipleStoresDetected:262) - Multiple Spring Data modules found, entering strict repository configuration mode!
INFO  2022-04-19 13:11:49,278 [restartedMain]  org.springframework.data.repository.config.RepositoryConfigurationDelegate(registerRepositoriesIn:132) - Bootstrapping Spring Data JPA repositories in DEFAULT mode.
INFO  2022-04-19 13:11:49,317 [restartedMain]  org.springframework.data.repository.config.RepositoryConfigurationDelegate(registerRepositoriesIn:201) - Finished Spring Data repository scanning in 33 ms. Found 2 JPA repository interfaces.
INFO  2022-04-19 13:11:49,337 [restartedMain]  org.springframework.data.repository.config.RepositoryConfigurationDelegate(multipleStoresDetected:262) - Multiple Spring Data modules found, entering strict repository configuration mode!
INFO  2022-04-19 13:11:49,337 [restartedMain]  org.springframework.data.repository.config.RepositoryConfigurationDelegate(registerRepositoriesIn:132) - Bootstrapping Spring Data MongoDB repositories in DEFAULT mode.
INFO  2022-04-19 13:11:49,343 [restartedMain]  org.springframework.data.repository.config.RepositoryConfigurationExtensionSupport(isStrictRepositoryCandidate:349) - Spring Data MongoDB - Could not safely identify store assignment for repository candidate interface com.example.back.repository.DairyRepository. If you want this repository to be a MongoDB repository, consider annotating your entities with one of these annotations: org.springframework.data.mongodb.core.mapping.Document (preferred), or consider extending one of the following types with your repository: org.springframework.data.mongodb.repository.MongoRepository.
INFO  2022-04-19 13:11:49,344 [restartedMain]  org.springframework.data.repository.config.RepositoryConfigurationExtensionSupport(isStrictRepositoryCandidate:349) - Spring Data MongoDB - Could not safely identify store assignment for repository candidate interface com.example.back.repository.UserRepository. If you want this repository to be a MongoDB repository, consider annotating your entities with one of these annotations: org.springframework.data.mongodb.core.mapping.Document (preferred), or consider extending one of the following types with your repository: org.springframework.data.mongodb.repository.MongoRepository.
INFO  2022-04-19 13:11:49,345 [restartedMain]  org.springframework.data.repository.config.RepositoryConfigurationDelegate(registerRepositoriesIn:201) - Finished Spring Data repository scanning in 7 ms. Found 0 MongoDB repository interfaces.
INFO  2022-04-19 13:11:49,801 [restartedMain]  org.springframework.boot.web.embedded.tomcat.TomcatWebServer(initialize:108) - Tomcat initialized with port(s): 8080 (http)
INFO  2022-04-19 13:11:49,877 [restartedMain]  org.springframework.boot.web.servlet.context.ServletWebServerApplicationContext(prepareWebApplicationContext:290) - Root WebApplicationContext: initialization completed in 1126 ms
INFO  2022-04-19 13:11:50,897 [restartedMain]  org.springframework.orm.jpa.LocalContainerEntityManagerFactoryBean(buildNativeEntityManagerFactory:437) - Initialized JPA EntityManagerFactory for persistence unit 'default'
WARN  2022-04-19 13:11:50,937 [restartedMain]  org.springframework.boot.autoconfigure.orm.jpa.JpaBaseConfiguration$JpaWebConfiguration(openEntityManagerInViewInterceptor:219) - spring.jpa.open-in-view is enabled by default. Therefore, database queries may be performed during view rendering. Explicitly configure spring.jpa.open-in-view to disable this warning
WARN  2022-04-19 13:11:51,236 [restartedMain]  org.springframework.boot.autoconfigure.security.servlet.UserDetailsServiceAutoConfiguration(getOrDeducePassword:87) - 

Using generated security password: d8750401-1af3-4a75-904b-3f2f8571feba

This generated password is for development use only. Your security configuration must be updated before running your application in production.

INFO  2022-04-19 13:11:51,287 [restartedMain]  org.springframework.security.web.DefaultSecurityFilterChain(<init>:52) - Will not secure any request
WARN  2022-04-19 13:11:51,478 [restartedMain]  org.springframework.boot.autoconfigure.thymeleaf.ThymeleafAutoConfiguration$DefaultTemplateResolverConfiguration(checkTemplateLocationExists:104) - Cannot find template location: classpath:/templates/ (please add some templates or check your Thymeleaf configuration)
INFO  2022-04-19 13:11:51,740 [restartedMain]  org.springframework.boot.devtools.autoconfigure.OptionalLiveReloadServer(startServer:58) - LiveReload server is running on port 35729
INFO  2022-04-19 13:11:51,770 [restartedMain]  org.springframework.boot.web.embedded.tomcat.TomcatWebServer(start:220) - Tomcat started on port(s): 8080 (http) with context path ''
INFO  2022-04-19 13:11:55,052 [http-nio-8080-exec-2]  org.springframework.web.servlet.DispatcherServlet(initServletBean:525) - Initializing Servlet 'dispatcherServlet'
INFO  2022-04-19 13:11:55,054 [http-nio-8080-exec-2]  org.springframework.web.servlet.DispatcherServlet(initServletBean:547) - Completed initialization in 1 ms
INFO  2022-04-19 13:14:19,502 [SpringApplicationShutdownHook]  org.springframework.orm.jpa.LocalContainerEntityManagerFactoryBean(destroy:651) - Closing JPA EntityManagerFactory for persistence unit 'default'
ERROR 2022-04-19 13:14:22,869 [restartedMain]  org.springframework.boot.context.logging.LoggingApplicationListener(lambda$getLogLevelConfigurer$2:396) - Cannot set level 'INFO' for 'null'
INFO  2022-04-19 13:14:22,952 [restartedMain]  org.springframework.boot.devtools.env.DevToolsPropertyDefaultsPostProcessor(logTo:255) - Devtools property defaults active! Set 'spring.devtools.add-properties' to 'false' to disable
INFO  2022-04-19 13:14:22,953 [restartedMain]  org.springframework.boot.devtools.env.DevToolsPropertyDefaultsPostProcessor(logTo:255) - For additional web related logging consider setting the 'logging.level.web' property to 'DEBUG'
INFO  2022-04-19 13:14:23,439 [restartedMain]  org.springframework.data.repository.config.RepositoryConfigurationDelegate(multipleStoresDetected:262) - Multiple Spring Data modules found, entering strict repository configuration mode!
INFO  2022-04-19 13:14:23,439 [restartedMain]  org.springframework.data.repository.config.RepositoryConfigurationDelegate(registerRepositoriesIn:132) - Bootstrapping Spring Data JPA repositories in DEFAULT mode.
INFO  2022-04-19 13:14:23,477 [restartedMain]  org.springframework.data.repository.config.RepositoryConfigurationDelegate(registerRepositoriesIn:201) - Finished Spring Data repository scanning in 33 ms. Found 2 JPA repository interfaces.
INFO  2022-04-19 13:14:23,495 [restartedMain]  org.springframework.data.repository.config.RepositoryConfigurationDelegate(multipleStoresDetected:262) - Multiple Spring Data modules found, entering strict repository configuration mode!
INFO  2022-04-19 13:14:23,495 [restartedMain]  org.springframework.data.repository.config.RepositoryConfigurationDelegate(registerRepositoriesIn:132) - Bootstrapping Spring Data MongoDB repositories in DEFAULT mode.
INFO  2022-04-19 13:14:23,500 [restartedMain]  org.springframework.data.repository.config.RepositoryConfigurationExtensionSupport(isStrictRepositoryCandidate:349) - Spring Data MongoDB - Could not safely identify store assignment for repository candidate interface com.example.back.repository.DairyRepository. If you want this repository to be a MongoDB repository, consider annotating your entities with one of these annotations: org.springframework.data.mongodb.core.mapping.Document (preferred), or consider extending one of the following types with your repository: org.springframework.data.mongodb.repository.MongoRepository.
INFO  2022-04-19 13:14:23,501 [restartedMain]  org.springframework.data.repository.config.RepositoryConfigurationExtensionSupport(isStrictRepositoryCandidate:349) - Spring Data MongoDB - Could not safely identify store assignment for repository candidate interface com.example.back.repository.UserRepository. If you want this repository to be a MongoDB repository, consider annotating your entities with one of these annotations: org.springframework.data.mongodb.core.mapping.Document (preferred), or consider extending one of the following types with your repository: org.springframework.data.mongodb.repository.MongoRepository.
INFO  2022-04-19 13:14:23,501 [restartedMain]  org.springframework.data.repository.config.RepositoryConfigurationDelegate(registerRepositoriesIn:201) - Finished Spring Data repository scanning in 6 ms. Found 0 MongoDB repository interfaces.
INFO  2022-04-19 13:14:23,915 [restartedMain]  org.springframework.boot.web.embedded.tomcat.TomcatWebServer(initialize:108) - Tomcat initialized with port(s): 8080 (http)
INFO  2022-04-19 13:14:23,991 [restartedMain]  org.springframework.boot.web.servlet.context.ServletWebServerApplicationContext(prepareWebApplicationContext:290) - Root WebApplicationContext: initialization completed in 1038 ms
INFO  2022-04-19 13:14:24,873 [restartedMain]  org.springframework.orm.jpa.LocalContainerEntityManagerFactoryBean(buildNativeEntityManagerFactory:437) - Initialized JPA EntityManagerFactory for persistence unit 'default'
WARN  2022-04-19 13:14:24,927 [restartedMain]  org.springframework.boot.autoconfigure.orm.jpa.JpaBaseConfiguration$JpaWebConfiguration(openEntityManagerInViewInterceptor:219) - spring.jpa.open-in-view is enabled by default. Therefore, database queries may be performed during view rendering. Explicitly configure spring.jpa.open-in-view to disable this warning
WARN  2022-04-19 13:14:25,176 [restartedMain]  org.springframework.boot.autoconfigure.security.servlet.UserDetailsServiceAutoConfiguration(getOrDeducePassword:87) - 

Using generated security password: 61808303-1c81-4a05-887a-88c51fe71e4c

This generated password is for development use only. Your security configuration must be updated before running your application in production.

INFO  2022-04-19 13:14:25,221 [restartedMain]  org.springframework.security.web.DefaultSecurityFilterChain(<init>:52) - Will not secure any request
WARN  2022-04-19 13:14:25,380 [restartedMain]  org.springframework.boot.autoconfigure.thymeleaf.ThymeleafAutoConfiguration$DefaultTemplateResolverConfiguration(checkTemplateLocationExists:104) - Cannot find template location: classpath:/templates/ (please add some templates or check your Thymeleaf configuration)
INFO  2022-04-19 13:14:25,614 [restartedMain]  org.springframework.boot.devtools.autoconfigure.OptionalLiveReloadServer(startServer:58) - LiveReload server is running on port 35729
INFO  2022-04-19 13:14:25,638 [restartedMain]  org.springframework.boot.web.embedded.tomcat.TomcatWebServer(start:220) - Tomcat started on port(s): 8080 (http) with context path ''
INFO  2022-04-19 13:14:30,302 [http-nio-8080-exec-2]  org.springframework.web.servlet.DispatcherServlet(initServletBean:525) - Initializing Servlet 'dispatcherServlet'
INFO  2022-04-19 13:14:30,304 [http-nio-8080-exec-2]  org.springframework.web.servlet.DispatcherServlet(initServletBean:547) - Completed initialization in 1 ms
INFO  2022-04-19 13:15:25,453 [SpringApplicationShutdownHook]  org.springframework.orm.jpa.LocalContainerEntityManagerFactoryBean(destroy:651) - Closing JPA EntityManagerFactory for persistence unit 'default'
ERROR 2022-04-19 13:15:28,644 [restartedMain]  org.springframework.boot.context.logging.LoggingApplicationListener(lambda$getLogLevelConfigurer$2:396) - Cannot set level 'INFO' for 'null'
INFO  2022-04-19 13:15:28,727 [restartedMain]  org.springframework.boot.devtools.env.DevToolsPropertyDefaultsPostProcessor(logTo:255) - Devtools property defaults active! Set 'spring.devtools.add-properties' to 'false' to disable
INFO  2022-04-19 13:15:28,728 [restartedMain]  org.springframework.boot.devtools.env.DevToolsPropertyDefaultsPostProcessor(logTo:255) - For additional web related logging consider setting the 'logging.level.web' property to 'DEBUG'
INFO  2022-04-19 13:15:29,262 [restartedMain]  org.springframework.data.repository.config.RepositoryConfigurationDelegate(multipleStoresDetected:262) - Multiple Spring Data modules found, entering strict repository configuration mode!
INFO  2022-04-19 13:15:29,262 [restartedMain]  org.springframework.data.repository.config.RepositoryConfigurationDelegate(registerRepositoriesIn:132) - Bootstrapping Spring Data JPA repositories in DEFAULT mode.
INFO  2022-04-19 13:15:29,301 [restartedMain]  org.springframework.data.repository.config.RepositoryConfigurationDelegate(registerRepositoriesIn:201) - Finished Spring Data repository scanning in 33 ms. Found 2 JPA repository interfaces.
INFO  2022-04-19 13:15:29,320 [restartedMain]  org.springframework.data.repository.config.RepositoryConfigurationDelegate(multipleStoresDetected:262) - Multiple Spring Data modules found, entering strict repository configuration mode!
INFO  2022-04-19 13:15:29,320 [restartedMain]  org.springframework.data.repository.config.RepositoryConfigurationDelegate(registerRepositoriesIn:132) - Bootstrapping Spring Data MongoDB repositories in DEFAULT mode.
INFO  2022-04-19 13:15:29,325 [restartedMain]  org.springframework.data.repository.config.RepositoryConfigurationExtensionSupport(isStrictRepositoryCandidate:349) - Spring Data MongoDB - Could not safely identify store assignment for repository candidate interface com.example.back.repository.DairyRepository. If you want this repository to be a MongoDB repository, consider annotating your entities with one of these annotations: org.springframework.data.mongodb.core.mapping.Document (preferred), or consider extending one of the following types with your repository: org.springframework.data.mongodb.repository.MongoRepository.
INFO  2022-04-19 13:15:29,325 [restartedMain]  org.springframework.data.repository.config.RepositoryConfigurationExtensionSupport(isStrictRepositoryCandidate:349) - Spring Data MongoDB - Could not safely identify store assignment for repository candidate interface com.example.back.repository.UserRepository. If you want this repository to be a MongoDB repository, consider annotating your entities with one of these annotations: org.springframework.data.mongodb.core.mapping.Document (preferred), or consider extending one of the following types with your repository: org.springframework.data.mongodb.repository.MongoRepository.
INFO  2022-04-19 13:15:29,326 [restartedMain]  org.springframework.data.repository.config.RepositoryConfigurationDelegate(registerRepositoriesIn:201) - Finished Spring Data repository scanning in 5 ms. Found 0 MongoDB repository interfaces.
INFO  2022-04-19 13:15:29,738 [restartedMain]  org.springframework.boot.web.embedded.tomcat.TomcatWebServer(initialize:108) - Tomcat initialized with port(s): 8080 (http)
INFO  2022-04-19 13:15:29,814 [restartedMain]  org.springframework.boot.web.servlet.context.ServletWebServerApplicationContext(prepareWebApplicationContext:290) - Root WebApplicationContext: initialization completed in 1086 ms
INFO  2022-04-19 13:15:30,715 [restartedMain]  org.springframework.orm.jpa.LocalContainerEntityManagerFactoryBean(buildNativeEntityManagerFactory:437) - Initialized JPA EntityManagerFactory for persistence unit 'default'
WARN  2022-04-19 13:15:30,778 [restartedMain]  org.springframework.boot.autoconfigure.orm.jpa.JpaBaseConfiguration$JpaWebConfiguration(openEntityManagerInViewInterceptor:219) - spring.jpa.open-in-view is enabled by default. Therefore, database queries may be performed during view rendering. Explicitly configure spring.jpa.open-in-view to disable this warning
WARN  2022-04-19 13:15:31,037 [restartedMain]  org.springframework.boot.autoconfigure.security.servlet.UserDetailsServiceAutoConfiguration(getOrDeducePassword:87) - 

Using generated security password: 2644818b-7977-4314-9b68-047e510a1dd6

This generated password is for development use only. Your security configuration must be updated before running your application in production.

INFO  2022-04-19 13:15:31,085 [restartedMain]  org.springframework.security.web.DefaultSecurityFilterChain(<init>:52) - Will not secure any request
WARN  2022-04-19 13:15:31,251 [restartedMain]  org.springframework.boot.autoconfigure.thymeleaf.ThymeleafAutoConfiguration$DefaultTemplateResolverConfiguration(checkTemplateLocationExists:104) - Cannot find template location: classpath:/templates/ (please add some templates or check your Thymeleaf configuration)
INFO  2022-04-19 13:15:31,487 [restartedMain]  org.springframework.boot.devtools.autoconfigure.OptionalLiveReloadServer(startServer:58) - LiveReload server is running on port 35729
INFO  2022-04-19 13:15:31,513 [restartedMain]  org.springframework.boot.web.embedded.tomcat.TomcatWebServer(start:220) - Tomcat started on port(s): 8080 (http) with context path ''
INFO  2022-04-19 13:15:31,844 [http-nio-8080-exec-2]  org.springframework.web.servlet.DispatcherServlet(initServletBean:525) - Initializing Servlet 'dispatcherServlet'
INFO  2022-04-19 13:15:31,845 [http-nio-8080-exec-2]  org.springframework.web.servlet.DispatcherServlet(initServletBean:547) - Completed initialization in 1 ms
INFO  2022-04-19 13:29:22,555 [SpringApplicationShutdownHook]  org.springframework.orm.jpa.LocalContainerEntityManagerFactoryBean(destroy:651) - Closing JPA EntityManagerFactory for persistence unit 'default'
ERROR 2022-04-19 13:29:25,819 [restartedMain]  org.springframework.boot.context.logging.LoggingApplicationListener(lambda$getLogLevelConfigurer$2:396) - Cannot set level 'INFO' for 'null'
INFO  2022-04-19 13:29:25,900 [restartedMain]  org.springframework.boot.devtools.env.DevToolsPropertyDefaultsPostProcessor(logTo:255) - Devtools property defaults active! Set 'spring.devtools.add-properties' to 'false' to disable
INFO  2022-04-19 13:29:25,906 [restartedMain]  org.springframework.boot.devtools.env.DevToolsPropertyDefaultsPostProcessor(logTo:255) - For additional web related logging consider setting the 'logging.level.web' property to 'DEBUG'
INFO  2022-04-19 13:29:26,432 [restartedMain]  org.springframework.data.repository.config.RepositoryConfigurationDelegate(multipleStoresDetected:262) - Multiple Spring Data modules found, entering strict repository configuration mode!
INFO  2022-04-19 13:29:26,433 [restartedMain]  org.springframework.data.repository.config.RepositoryConfigurationDelegate(registerRepositoriesIn:132) - Bootstrapping Spring Data JPA repositories in DEFAULT mode.
INFO  2022-04-19 13:29:26,481 [restartedMain]  org.springframework.data.repository.config.RepositoryConfigurationDelegate(registerRepositoriesIn:201) - Finished Spring Data repository scanning in 41 ms. Found 2 JPA repository interfaces.
INFO  2022-04-19 13:29:26,501 [restartedMain]  org.springframework.data.repository.config.RepositoryConfigurationDelegate(multipleStoresDetected:262) - Multiple Spring Data modules found, entering strict repository configuration mode!
INFO  2022-04-19 13:29:26,502 [restartedMain]  org.springframework.data.repository.config.RepositoryConfigurationDelegate(registerRepositoriesIn:132) - Bootstrapping Spring Data MongoDB repositories in DEFAULT mode.
INFO  2022-04-19 13:29:26,508 [restartedMain]  org.springframework.data.repository.config.RepositoryConfigurationExtensionSupport(isStrictRepositoryCandidate:349) - Spring Data MongoDB - Could not safely identify store assignment for repository candidate interface com.example.back.repository.DairyRepository. If you want this repository to be a MongoDB repository, consider annotating your entities with one of these annotations: org.springframework.data.mongodb.core.mapping.Document (preferred), or consider extending one of the following types with your repository: org.springframework.data.mongodb.repository.MongoRepository.
INFO  2022-04-19 13:29:26,509 [restartedMain]  org.springframework.data.repository.config.RepositoryConfigurationExtensionSupport(isStrictRepositoryCandidate:349) - Spring Data MongoDB - Could not safely identify store assignment for repository candidate interface com.example.back.repository.UserRepository. If you want this repository to be a MongoDB repository, consider annotating your entities with one of these annotations: org.springframework.data.mongodb.core.mapping.Document (preferred), or consider extending one of the following types with your repository: org.springframework.data.mongodb.repository.MongoRepository.
INFO  2022-04-19 13:29:26,509 [restartedMain]  org.springframework.data.repository.config.RepositoryConfigurationDelegate(registerRepositoriesIn:201) - Finished Spring Data repository scanning in 6 ms. Found 0 MongoDB repository interfaces.
INFO  2022-04-19 13:29:26,973 [restartedMain]  org.springframework.boot.web.embedded.tomcat.TomcatWebServer(initialize:108) - Tomcat initialized with port(s): 8080 (http)
INFO  2022-04-19 13:29:27,050 [restartedMain]  org.springframework.boot.web.servlet.context.ServletWebServerApplicationContext(prepareWebApplicationContext:290) - Root WebApplicationContext: initialization completed in 1143 ms
INFO  2022-04-19 13:29:27,989 [restartedMain]  org.springframework.orm.jpa.LocalContainerEntityManagerFactoryBean(buildNativeEntityManagerFactory:437) - Initialized JPA EntityManagerFactory for persistence unit 'default'
WARN  2022-04-19 13:29:28,046 [restartedMain]  org.springframework.boot.autoconfigure.orm.jpa.JpaBaseConfiguration$JpaWebConfiguration(openEntityManagerInViewInterceptor:219) - spring.jpa.open-in-view is enabled by default. Therefore, database queries may be performed during view rendering. Explicitly configure spring.jpa.open-in-view to disable this warning
WARN  2022-04-19 13:29:28,306 [restartedMain]  org.springframework.boot.autoconfigure.security.servlet.UserDetailsServiceAutoConfiguration(getOrDeducePassword:87) - 

Using generated security password: 9fa78245-876d-42c9-9c1e-0c36225319a0

This generated password is for development use only. Your security configuration must be updated before running your application in production.

INFO  2022-04-19 13:29:28,352 [restartedMain]  org.springframework.security.web.DefaultSecurityFilterChain(<init>:52) - Will not secure any request
WARN  2022-04-19 13:29:28,545 [restartedMain]  org.springframework.boot.autoconfigure.thymeleaf.ThymeleafAutoConfiguration$DefaultTemplateResolverConfiguration(checkTemplateLocationExists:104) - Cannot find template location: classpath:/templates/ (please add some templates or check your Thymeleaf configuration)
INFO  2022-04-19 13:29:28,823 [restartedMain]  org.springframework.boot.devtools.autoconfigure.OptionalLiveReloadServer(startServer:58) - LiveReload server is running on port 35729
INFO  2022-04-19 13:29:28,853 [restartedMain]  org.springframework.boot.web.embedded.tomcat.TomcatWebServer(start:220) - Tomcat started on port(s): 8080 (http) with context path ''
INFO  2022-04-19 13:29:50,327 [http-nio-8080-exec-2]  org.springframework.web.servlet.DispatcherServlet(initServletBean:525) - Initializing Servlet 'dispatcherServlet'
INFO  2022-04-19 13:29:50,329 [http-nio-8080-exec-2]  org.springframework.web.servlet.DispatcherServlet(initServletBean:547) - Completed initialization in 1 ms
INFO  2022-04-19 13:33:15,605 [SpringApplicationShutdownHook]  org.springframework.orm.jpa.LocalContainerEntityManagerFactoryBean(destroy:651) - Closing JPA EntityManagerFactory for persistence unit 'default'
ERROR 2022-04-19 13:33:18,821 [restartedMain]  org.springframework.boot.context.logging.LoggingApplicationListener(lambda$getLogLevelConfigurer$2:396) - Cannot set level 'INFO' for 'null'
INFO  2022-04-19 13:33:18,895 [restartedMain]  org.springframework.boot.devtools.env.DevToolsPropertyDefaultsPostProcessor(logTo:255) - Devtools property defaults active! Set 'spring.devtools.add-properties' to 'false' to disable
INFO  2022-04-19 13:33:18,896 [restartedMain]  org.springframework.boot.devtools.env.DevToolsPropertyDefaultsPostProcessor(logTo:255) - For additional web related logging consider setting the 'logging.level.web' property to 'DEBUG'
INFO  2022-04-19 13:33:19,391 [restartedMain]  org.springframework.data.repository.config.RepositoryConfigurationDelegate(multipleStoresDetected:262) - Multiple Spring Data modules found, entering strict repository configuration mode!
INFO  2022-04-19 13:33:19,391 [restartedMain]  org.springframework.data.repository.config.RepositoryConfigurationDelegate(registerRepositoriesIn:132) - Bootstrapping Spring Data JPA repositories in DEFAULT mode.
INFO  2022-04-19 13:33:19,432 [restartedMain]  org.springframework.data.repository.config.RepositoryConfigurationDelegate(registerRepositoriesIn:201) - Finished Spring Data repository scanning in 34 ms. Found 2 JPA repository interfaces.
INFO  2022-04-19 13:33:19,452 [restartedMain]  org.springframework.data.repository.config.RepositoryConfigurationDelegate(multipleStoresDetected:262) - Multiple Spring Data modules found, entering strict repository configuration mode!
INFO  2022-04-19 13:33:19,452 [restartedMain]  org.springframework.data.repository.config.RepositoryConfigurationDelegate(registerRepositoriesIn:132) - Bootstrapping Spring Data MongoDB repositories in DEFAULT mode.
INFO  2022-04-19 13:33:19,458 [restartedMain]  org.springframework.data.repository.config.RepositoryConfigurationExtensionSupport(isStrictRepositoryCandidate:349) - Spring Data MongoDB - Could not safely identify store assignment for repository candidate interface com.example.back.repository.DairyRepository. If you want this repository to be a MongoDB repository, consider annotating your entities with one of these annotations: org.springframework.data.mongodb.core.mapping.Document (preferred), or consider extending one of the following types with your repository: org.springframework.data.mongodb.repository.MongoRepository.
INFO  2022-04-19 13:33:19,459 [restartedMain]  org.springframework.data.repository.config.RepositoryConfigurationExtensionSupport(isStrictRepositoryCandidate:349) - Spring Data MongoDB - Could not safely identify store assignment for repository candidate interface com.example.back.repository.UserRepository. If you want this repository to be a MongoDB repository, consider annotating your entities with one of these annotations: org.springframework.data.mongodb.core.mapping.Document (preferred), or consider extending one of the following types with your repository: org.springframework.data.mongodb.repository.MongoRepository.
INFO  2022-04-19 13:33:19,459 [restartedMain]  org.springframework.data.repository.config.RepositoryConfigurationDelegate(registerRepositoriesIn:201) - Finished Spring Data repository scanning in 6 ms. Found 0 MongoDB repository interfaces.
INFO  2022-04-19 13:33:19,900 [restartedMain]  org.springframework.boot.web.embedded.tomcat.TomcatWebServer(initialize:108) - Tomcat initialized with port(s): 8080 (http)
INFO  2022-04-19 13:33:19,970 [restartedMain]  org.springframework.boot.web.servlet.context.ServletWebServerApplicationContext(prepareWebApplicationContext:290) - Root WebApplicationContext: initialization completed in 1074 ms
INFO  2022-04-19 13:33:20,862 [restartedMain]  org.springframework.orm.jpa.LocalContainerEntityManagerFactoryBean(buildNativeEntityManagerFactory:437) - Initialized JPA EntityManagerFactory for persistence unit 'default'
WARN  2022-04-19 13:33:20,915 [restartedMain]  org.springframework.boot.autoconfigure.orm.jpa.JpaBaseConfiguration$JpaWebConfiguration(openEntityManagerInViewInterceptor:219) - spring.jpa.open-in-view is enabled by default. Therefore, database queries may be performed during view rendering. Explicitly configure spring.jpa.open-in-view to disable this warning
WARN  2022-04-19 13:33:21,166 [restartedMain]  org.springframework.boot.autoconfigure.security.servlet.UserDetailsServiceAutoConfiguration(getOrDeducePassword:87) - 

Using generated security password: 77af1aba-8b8e-447f-80a4-c8b2e6c4a59e

This generated password is for development use only. Your security configuration must be updated before running your application in production.

INFO  2022-04-19 13:33:21,218 [restartedMain]  org.springframework.security.web.DefaultSecurityFilterChain(<init>:52) - Will not secure any request
WARN  2022-04-19 13:33:21,406 [restartedMain]  org.springframework.boot.autoconfigure.thymeleaf.ThymeleafAutoConfiguration$DefaultTemplateResolverConfiguration(checkTemplateLocationExists:104) - Cannot find template location: classpath:/templates/ (please add some templates or check your Thymeleaf configuration)
INFO  2022-04-19 13:33:21,645 [restartedMain]  org.springframework.boot.devtools.autoconfigure.OptionalLiveReloadServer(startServer:58) - LiveReload server is running on port 35729
INFO  2022-04-19 13:33:21,670 [restartedMain]  org.springframework.boot.web.embedded.tomcat.TomcatWebServer(start:220) - Tomcat started on port(s): 8080 (http) with context path ''
INFO  2022-04-19 13:33:26,565 [http-nio-8080-exec-2]  org.springframework.web.servlet.DispatcherServlet(initServletBean:525) - Initializing Servlet 'dispatcherServlet'
INFO  2022-04-19 13:33:26,567 [http-nio-8080-exec-2]  org.springframework.web.servlet.DispatcherServlet(initServletBean:547) - Completed initialization in 1 ms
INFO  2022-04-19 13:47:52,829 [SpringApplicationShutdownHook]  org.springframework.orm.jpa.LocalContainerEntityManagerFactoryBean(destroy:651) - Closing JPA EntityManagerFactory for persistence unit 'default'
ERROR 2022-04-19 13:47:56,009 [restartedMain]  org.springframework.boot.context.logging.LoggingApplicationListener(lambda$getLogLevelConfigurer$2:396) - Cannot set level 'INFO' for 'null'
INFO  2022-04-19 13:47:56,080 [restartedMain]  org.springframework.boot.devtools.env.DevToolsPropertyDefaultsPostProcessor(logTo:255) - Devtools property defaults active! Set 'spring.devtools.add-properties' to 'false' to disable
INFO  2022-04-19 13:47:56,080 [restartedMain]  org.springframework.boot.devtools.env.DevToolsPropertyDefaultsPostProcessor(logTo:255) - For additional web related logging consider setting the 'logging.level.web' property to 'DEBUG'
INFO  2022-04-19 13:47:56,565 [restartedMain]  org.springframework.data.repository.config.RepositoryConfigurationDelegate(multipleStoresDetected:262) - Multiple Spring Data modules found, entering strict repository configuration mode!
INFO  2022-04-19 13:47:56,565 [restartedMain]  org.springframework.data.repository.config.RepositoryConfigurationDelegate(registerRepositoriesIn:132) - Bootstrapping Spring Data JPA repositories in DEFAULT mode.
INFO  2022-04-19 13:47:56,600 [restartedMain]  org.springframework.data.repository.config.RepositoryConfigurationDelegate(registerRepositoriesIn:201) - Finished Spring Data repository scanning in 30 ms. Found 2 JPA repository interfaces.
INFO  2022-04-19 13:47:56,616 [restartedMain]  org.springframework.data.repository.config.RepositoryConfigurationDelegate(multipleStoresDetected:262) - Multiple Spring Data modules found, entering strict repository configuration mode!
INFO  2022-04-19 13:47:56,617 [restartedMain]  org.springframework.data.repository.config.RepositoryConfigurationDelegate(registerRepositoriesIn:132) - Bootstrapping Spring Data MongoDB repositories in DEFAULT mode.
INFO  2022-04-19 13:47:56,622 [restartedMain]  org.springframework.data.repository.config.RepositoryConfigurationExtensionSupport(isStrictRepositoryCandidate:349) - Spring Data MongoDB - Could not safely identify store assignment for repository candidate interface com.example.back.repository.DairyRepository. If you want this repository to be a MongoDB repository, consider annotating your entities with one of these annotations: org.springframework.data.mongodb.core.mapping.Document (preferred), or consider extending one of the following types with your repository: org.springframework.data.mongodb.repository.MongoRepository.
INFO  2022-04-19 13:47:56,622 [restartedMain]  org.springframework.data.repository.config.RepositoryConfigurationExtensionSupport(isStrictRepositoryCandidate:349) - Spring Data MongoDB - Could not safely identify store assignment for repository candidate interface com.example.back.repository.UserRepository. If you want this repository to be a MongoDB repository, consider annotating your entities with one of these annotations: org.springframework.data.mongodb.core.mapping.Document (preferred), or consider extending one of the following types with your repository: org.springframework.data.mongodb.repository.MongoRepository.
INFO  2022-04-19 13:47:56,622 [restartedMain]  org.springframework.data.repository.config.RepositoryConfigurationDelegate(registerRepositoriesIn:201) - Finished Spring Data repository scanning in 5 ms. Found 0 MongoDB repository interfaces.
INFO  2022-04-19 13:47:57,026 [restartedMain]  org.springframework.boot.web.embedded.tomcat.TomcatWebServer(initialize:108) - Tomcat initialized with port(s): 8080 (http)
INFO  2022-04-19 13:47:57,086 [restartedMain]  org.springframework.boot.web.servlet.context.ServletWebServerApplicationContext(prepareWebApplicationContext:290) - Root WebApplicationContext: initialization completed in 1006 ms
INFO  2022-04-19 13:47:57,936 [restartedMain]  org.springframework.orm.jpa.LocalContainerEntityManagerFactoryBean(buildNativeEntityManagerFactory:437) - Initialized JPA EntityManagerFactory for persistence unit 'default'
WARN  2022-04-19 13:47:57,983 [restartedMain]  org.springframework.boot.autoconfigure.orm.jpa.JpaBaseConfiguration$JpaWebConfiguration(openEntityManagerInViewInterceptor:219) - spring.jpa.open-in-view is enabled by default. Therefore, database queries may be performed during view rendering. Explicitly configure spring.jpa.open-in-view to disable this warning
WARN  2022-04-19 13:47:58,215 [restartedMain]  org.springframework.boot.autoconfigure.security.servlet.UserDetailsServiceAutoConfiguration(getOrDeducePassword:87) - 

Using generated security password: e734e0b6-4a46-41b4-9694-5f4421f1a83c

This generated password is for development use only. Your security configuration must be updated before running your application in production.

INFO  2022-04-19 13:47:58,258 [restartedMain]  org.springframework.security.web.DefaultSecurityFilterChain(<init>:52) - Will not secure any request
WARN  2022-04-19 13:47:58,420 [restartedMain]  org.springframework.boot.autoconfigure.thymeleaf.ThymeleafAutoConfiguration$DefaultTemplateResolverConfiguration(checkTemplateLocationExists:104) - Cannot find template location: classpath:/templates/ (please add some templates or check your Thymeleaf configuration)
INFO  2022-04-19 13:47:58,669 [restartedMain]  org.springframework.boot.devtools.autoconfigure.OptionalLiveReloadServer(startServer:58) - LiveReload server is running on port 35729
INFO  2022-04-19 13:47:58,695 [restartedMain]  org.springframework.boot.web.embedded.tomcat.TomcatWebServer(start:220) - Tomcat started on port(s): 8080 (http) with context path ''
INFO  2022-04-19 13:48:07,727 [http-nio-8080-exec-2]  org.springframework.web.servlet.DispatcherServlet(initServletBean:525) - Initializing Servlet 'dispatcherServlet'
INFO  2022-04-19 13:48:07,728 [http-nio-8080-exec-2]  org.springframework.web.servlet.DispatcherServlet(initServletBean:547) - Completed initialization in 1 ms
